2025-03-14 08:04:33,985 - data_reader.py - INFO - Считывание CSV-файла, сохранение списка объектов TradingData...
2025-03-14 08:04:34,025 - strategy_calculator.py - INFO - Рассчет результатов торговой стратегии...
2025-03-14 08:04:34,034 - result_saver.py - INFO - Сохранение итоговых результатов в файл processed_data/MTSS.csv
2025-03-14 08:04:34,038 - result_saver.py - INFO - Результаты успешно сохранены в файл processed_data/MTSS.json.
2025-03-14 08:25:45,799 - data_reader.py - INFO - Считывание CSV-файла, сохранение списка объектов TradingData...
2025-03-14 08:25:45,848 - strategy_calculator.py - INFO - Рассчет результатов торговой стратегии...
2025-03-14 08:25:45,859 - result_saver.py - INFO - Сохранение итоговых результатов в файл processed_data/MTSS.csv
2025-03-14 08:25:45,861 - result_saver.py - INFO - Результаты успешно сохранены в файл processed_data/MTSS.json.
2025-03-14 08:26:35,991 - trading_strategy_tester.services.data_reader - INFO - Считывание CSV-файла, сохранение списка объектов TradingData...
2025-03-14 08:26:36,026 - strategy_calculator.py - INFO - Рассчет результатов торговой стратегии...
2025-03-14 08:26:36,038 - result_saver.py - INFO - Сохранение итоговых результатов в файл processed_data/MTSS.csv
2025-03-14 08:26:36,038 - result_saver.py - INFO - Результаты успешно сохранены в файл processed_data/MTSS.json.
2025-03-14 08:29:18,096 - trading_strategy_tester.services.data_reader - INFO - Считывание CSV-файла, сохранение списка объектов TradingData...
2025-03-14 08:29:18,146 - trading_strategy_tester.services.strategy_calculator - INFO - Рассчет результатов торговой стратегии...
2025-03-14 08:29:18,158 - trading_strategy_tester.services.result_saver - INFO - Сохранение итоговых результатов в файл processed_data/MTSS.csv
2025-03-14 08:29:18,160 - trading_strategy_tester.services.result_saver - INFO - Результаты успешно сохранены в файл processed_data/MTSS.json.
2025-03-14 09:02:33,045 - httpx - INFO - HTTP Request: GET https://iss.moex.com/iss/securities/MTSS.json "HTTP/1.1 200 OK"
2025-03-14 09:02:53,257 - pygls.server - INFO - Shutting down the server
2025-03-14 09:02:53,260 - pygls.server - INFO - Closing the event loop.
2025-03-14 16:15:16,767 - httpx - INFO - HTTP Request: GET https://iss.moex.com/iss/securities/MTSS.json "HTTP/1.1 200 OK"
2025-03-14 16:19:34,048 - httpx - INFO - HTTP Request: GET https://iss.moex.com/iss/securities/MTSS.json "HTTP/1.1 200 OK"
2025-03-14 16:21:35,310 - httpx - INFO - HTTP Request: GET https://iss.moex.com/iss/securities/MTSS.json "HTTP/1.1 200 OK"
2025-03-14 16:21:36,494 - httpx - INFO - HTTP Request: GET https://iss.moex.com/iss/engines/stock/markets/shares/boards/TQBR/securities/MTSS/candles.json?from=2014-01-01&till=2024-12-28&interval=24&start=0 "HTTP/1.1 200 OK"
2025-03-14 16:21:37,128 - httpx - INFO - HTTP Request: GET https://iss.moex.com/iss/engines/stock/markets/shares/boards/TQBR/securities/MTSS/candles.json?from=2014-01-01&till=2024-12-28&interval=24&start=500 "HTTP/1.1 200 OK"
2025-03-14 16:21:37,596 - httpx - INFO - HTTP Request: GET https://iss.moex.com/iss/engines/stock/markets/shares/boards/TQBR/securities/MTSS/candles.json?from=2014-01-01&till=2024-12-28&interval=24&start=1000 "HTTP/1.1 200 OK"
2025-03-14 16:21:37,923 - httpx - INFO - HTTP Request: GET https://iss.moex.com/iss/engines/stock/markets/shares/boards/TQBR/securities/MTSS/candles.json?from=2014-01-01&till=2024-12-28&interval=24&start=1500 "HTTP/1.1 200 OK"
2025-03-14 16:21:38,281 - httpx - INFO - HTTP Request: GET https://iss.moex.com/iss/engines/stock/markets/shares/boards/TQBR/securities/MTSS/candles.json?from=2014-01-01&till=2024-12-28&interval=24&start=2000 "HTTP/1.1 200 OK"
2025-03-14 16:21:38,637 - httpx - INFO - HTTP Request: GET https://iss.moex.com/iss/engines/stock/markets/shares/boards/TQBR/securities/MTSS/candles.json?from=2014-01-01&till=2024-12-28&interval=24&start=2500 "HTTP/1.1 200 OK"
2025-03-14 16:21:38,967 - httpx - INFO - HTTP Request: GET https://iss.moex.com/iss/engines/stock/markets/shares/boards/TQBR/securities/MTSS/candles.json?from=2014-01-01&till=2024-12-28&interval=24&start=2749 "HTTP/1.1 200 OK"
2025-03-14 16:27:24,085 - httpx - INFO - HTTP Request: GET https://iss.moex.com/iss/securities/MTSS.json "HTTP/1.1 200 OK"
2025-03-14 16:27:25,239 - httpx - INFO - HTTP Request: GET https://iss.moex.com/iss/engines/stock/markets/shares/boards/TQBR/securities/MTSS/candles.json?from=2014-01-01&till=2024-12-28&interval=24&start=0 "HTTP/1.1 200 OK"
2025-03-14 16:27:25,690 - httpx - INFO - HTTP Request: GET https://iss.moex.com/iss/engines/stock/markets/shares/boards/TQBR/securities/MTSS/candles.json?from=2014-01-01&till=2024-12-28&interval=24&start=500 "HTTP/1.1 200 OK"
2025-03-14 16:27:26,150 - httpx - INFO - HTTP Request: GET https://iss.moex.com/iss/engines/stock/markets/shares/boards/TQBR/securities/MTSS/candles.json?from=2014-01-01&till=2024-12-28&interval=24&start=1000 "HTTP/1.1 200 OK"
2025-03-14 16:27:26,506 - httpx - INFO - HTTP Request: GET https://iss.moex.com/iss/engines/stock/markets/shares/boards/TQBR/securities/MTSS/candles.json?from=2014-01-01&till=2024-12-28&interval=24&start=1500 "HTTP/1.1 200 OK"
2025-03-14 16:27:26,853 - httpx - INFO - HTTP Request: GET https://iss.moex.com/iss/engines/stock/markets/shares/boards/TQBR/securities/MTSS/candles.json?from=2014-01-01&till=2024-12-28&interval=24&start=2000 "HTTP/1.1 200 OK"
2025-03-14 16:27:27,193 - httpx - INFO - HTTP Request: GET https://iss.moex.com/iss/engines/stock/markets/shares/boards/TQBR/securities/MTSS/candles.json?from=2014-01-01&till=2024-12-28&interval=24&start=2500 "HTTP/1.1 200 OK"
2025-03-14 16:27:27,521 - httpx - INFO - HTTP Request: GET https://iss.moex.com/iss/engines/stock/markets/shares/boards/TQBR/securities/MTSS/candles.json?from=2014-01-01&till=2024-12-28&interval=24&start=2749 "HTTP/1.1 200 OK"
2025-03-14 16:27:27,590 - root - INFO - Данные успешно сохранены в dataframe_history_test/MTSS.csv
2025-03-14 16:27:45,087 - pygls.server - INFO - Shutting down the server
2025-03-14 16:27:45,089 - pygls.server - INFO - Closing the event loop.
2025-03-17 15:11:00,959 - httpx - INFO - HTTP Request: GET https://iss.moex.com/iss/securities/MTSS.json "HTTP/1.1 200 OK"
2025-03-17 15:11:02,288 - httpx - INFO - HTTP Request: GET https://iss.moex.com/iss/engines/stock/markets/shares/boards/TQBR/securities/MTSS/candles.json?from=2014-01-01&till=2024-12-28&interval=24&start=0 "HTTP/1.1 200 OK"
2025-03-17 15:11:02,938 - httpx - INFO - HTTP Request: GET https://iss.moex.com/iss/engines/stock/markets/shares/boards/TQBR/securities/MTSS/candles.json?from=2014-01-01&till=2024-12-28&interval=24&start=500 "HTTP/1.1 200 OK"
2025-03-17 15:11:03,583 - httpx - INFO - HTTP Request: GET https://iss.moex.com/iss/engines/stock/markets/shares/boards/TQBR/securities/MTSS/candles.json?from=2014-01-01&till=2024-12-28&interval=24&start=1000 "HTTP/1.1 200 OK"
2025-03-17 15:11:04,081 - httpx - INFO - HTTP Request: GET https://iss.moex.com/iss/engines/stock/markets/shares/boards/TQBR/securities/MTSS/candles.json?from=2014-01-01&till=2024-12-28&interval=24&start=1500 "HTTP/1.1 200 OK"
2025-03-17 15:11:04,489 - httpx - INFO - HTTP Request: GET https://iss.moex.com/iss/engines/stock/markets/shares/boards/TQBR/securities/MTSS/candles.json?from=2014-01-01&till=2024-12-28&interval=24&start=2000 "HTTP/1.1 200 OK"
2025-03-17 15:11:04,826 - httpx - INFO - HTTP Request: GET https://iss.moex.com/iss/engines/stock/markets/shares/boards/TQBR/securities/MTSS/candles.json?from=2014-01-01&till=2024-12-28&interval=24&start=2500 "HTTP/1.1 200 OK"
2025-03-17 15:11:05,156 - httpx - INFO - HTTP Request: GET https://iss.moex.com/iss/engines/stock/markets/shares/boards/TQBR/securities/MTSS/candles.json?from=2014-01-01&till=2024-12-28&interval=24&start=2749 "HTTP/1.1 200 OK"
2025-03-17 15:11:05,203 - trading_strategy_tester.services.result_saver - ERROR - Ошибка записи в файл database/dataframe_history_test/MTSS.csv: Cannot save file into a non-existent directory: 'database\dataframe_history_test'
2025-03-17 15:12:12,610 - httpx - INFO - HTTP Request: GET https://iss.moex.com/iss/securities/MTSS.json "HTTP/1.1 200 OK"
2025-03-17 15:12:13,764 - httpx - INFO - HTTP Request: GET https://iss.moex.com/iss/engines/stock/markets/shares/boards/TQBR/securities/MTSS/candles.json?from=2014-01-01&till=2024-12-28&interval=24&start=0 "HTTP/1.1 200 OK"
2025-03-17 15:12:14,228 - httpx - INFO - HTTP Request: GET https://iss.moex.com/iss/engines/stock/markets/shares/boards/TQBR/securities/MTSS/candles.json?from=2014-01-01&till=2024-12-28&interval=24&start=500 "HTTP/1.1 200 OK"
2025-03-17 15:12:14,687 - httpx - INFO - HTTP Request: GET https://iss.moex.com/iss/engines/stock/markets/shares/boards/TQBR/securities/MTSS/candles.json?from=2014-01-01&till=2024-12-28&interval=24&start=1000 "HTTP/1.1 200 OK"
2025-03-17 15:12:15,081 - httpx - INFO - HTTP Request: GET https://iss.moex.com/iss/engines/stock/markets/shares/boards/TQBR/securities/MTSS/candles.json?from=2014-01-01&till=2024-12-28&interval=24&start=1500 "HTTP/1.1 200 OK"
2025-03-17 15:12:15,440 - httpx - INFO - HTTP Request: GET https://iss.moex.com/iss/engines/stock/markets/shares/boards/TQBR/securities/MTSS/candles.json?from=2014-01-01&till=2024-12-28&interval=24&start=2000 "HTTP/1.1 200 OK"
2025-03-17 15:12:15,789 - httpx - INFO - HTTP Request: GET https://iss.moex.com/iss/engines/stock/markets/shares/boards/TQBR/securities/MTSS/candles.json?from=2014-01-01&till=2024-12-28&interval=24&start=2500 "HTTP/1.1 200 OK"
2025-03-17 15:12:16,117 - httpx - INFO - HTTP Request: GET https://iss.moex.com/iss/engines/stock/markets/shares/boards/TQBR/securities/MTSS/candles.json?from=2014-01-01&till=2024-12-28&interval=24&start=2749 "HTTP/1.1 200 OK"
2025-03-17 15:12:16,190 - root - INFO - Данные успешно сохранены в database/dataframe_history/MTSS.csv
2025-03-17 15:39:45,692 - trading_strategy_tester.services.data_reader - INFO - Считывание CSV-файла, сохранение списка объектов TradingData...
2025-03-17 15:39:45,707 - trading_strategy_tester.services.strategy_calculator - INFO - Рассчет результатов торговой стратегии...
2025-03-17 15:39:45,742 - trading_strategy_tester.services.result_saver - INFO - Сохранение итоговых результатов в файл database/processed_data/MTSS.csv
2025-03-17 15:39:45,747 - trading_strategy_tester.services.result_saver - INFO - Результаты успешно сохранены в файл database/processed_data/MTSS.json.
